2026-06-26 20:30:18,703 [INFO] 开始更新 11 张用户卡牌的市场价格...
2026-06-26 20:30:18,723 [INFO] 市场价格更新完成! 成功: 3, 失败: 0
2026-06-26 20:30:39,505 [INFO] ============================================================
2026-06-26 20:30:39,506 [INFO] 开始每日数据抓取任务 - 2026-06-26 20:30:39
2026-06-26 20:30:39,506 [INFO] ============================================================
2026-06-26 20:30:39,506 [INFO] 
[1/4] 抓取卡牌数据和价格...
2026-06-26 20:30:41,007 [INFO] TCG search for '卡比兽 CSR': 0 results
2026-06-26 20:30:44,590 [INFO] TCG search for '莉莉艾 CSR': 0 results
2026-06-26 20:30:48,379 [INFO] TCG search for '妙蛙花 ex RR': 0 results
2026-06-26 20:30:52,474 [INFO] TCG search for '皮卡丘 ex': 5 results
2026-06-26 20:30:52,478 [INFO] Updated catalog #8 with full TCG info
2026-06-26 20:30:52,485 [INFO] Price fetched for catalog #8 (皮卡丘 ex): 2 records
2026-06-26 20:30:56,223 [INFO] TCG search for '超梦 ex UR': 0 results
2026-06-26 20:31:00,667 [INFO] TCG search for '喷火龙 SR': 0 results
2026-06-26 20:31:04,531 [INFO] TCG search for '伊布 R': 0 results
2026-06-26 20:31:08,682 [INFO] TCG search for '洛奇亚 UR': 0 results
2026-06-26 20:31:13,229 [INFO] TCG search for '火精灵 SAR': 0 results
2026-06-26 20:31:16,948 [INFO] TCG search for '甲贺忍蛙 RR': 0 results
2026-06-26 20:31:20,738 [INFO] TCG search for '耿鬼 SAR': 0 results
2026-06-26 20:31:24,560 [INFO] TCG search for '皮卡丘 VMAX': 5 results
2026-06-26 20:31:24,565 [INFO] Updated catalog #1 with full TCG info
2026-06-26 20:31:24,571 [INFO] Price fetched for catalog #1 (皮卡丘 VMAX): 2 records
2026-06-26 20:31:28,819 [INFO] TCG search for '耿鬼': 5 results
2026-06-26 20:31:28,824 [INFO] Updated catalog #13 with full TCG info
2026-06-26 20:31:28,830 [INFO] Price fetched for catalog #13 (耿鬼): 2 records
2026-06-26 20:31:28,830 [INFO] 抓取完成: 成功 3/13
2026-06-26 20:31:28,830 [INFO] 
[2/4] 更新用户卡牌市场价格...
2026-06-26 20:31:28,832 [INFO] 开始更新 11 张用户卡牌的市场价格...
2026-06-26 20:31:28,849 [INFO] 市场价格更新完成! 成功: 3, 失败: 0
2026-06-26 20:31:28,849 [INFO] 
[3/4] 生成每日快照...
2026-06-26 20:31:28,863 [INFO] 快照生成成功
2026-06-26 20:31:28,863 [INFO] 
============================================================
2026-06-26 20:31:28,863 [INFO] 每日抓取任务完成!
2026-06-26 20:31:28,863 [INFO]   抓取: 3/13 张卡牌
2026-06-26 20:31:28,863 [INFO]   更新: 3 张卡牌市场价格
2026-06-26 20:31:28,863 [INFO] ============================================================

2026-06-26 20:32:35,873 [INFO] ============================================================
2026-06-26 20:32:35,874 [INFO] 开始每日数据抓取任务 - 2026-06-26 20:32:35
2026-06-26 20:32:35,874 [INFO] ============================================================
2026-06-26 20:32:35,874 [INFO] 
[1/4] 抓取卡牌数据和价格...
2026-06-26 20:32:40,215 [INFO] TCG search for '卡比兽 CSR': 10 results
2026-06-26 20:32:40,220 [INFO] Updated catalog #12 with full TCG info
2026-06-26 20:32:40,228 [INFO] Price fetched for catalog #12 (卡比兽 CSR): 2 records
2026-06-26 20:32:43,880 [INFO] TCG search for '莉莉艾 CSR': 6 results
2026-06-26 20:32:43,885 [INFO] Updated catalog #5 with full TCG info
2026-06-26 20:32:43,892 [INFO] Price fetched for catalog #5 (莉莉艾 CSR): 2 records
2026-06-26 20:32:54,529 [INFO] TCG search for '妙蛙花 ex RR': 10 results
2026-06-26 20:32:54,534 [INFO] Updated catalog #10 with full TCG info
2026-06-26 20:32:54,540 [INFO] Price fetched for catalog #10 (妙蛙花 ex RR): 2 records
2026-06-26 20:32:59,575 [INFO] TCG search for '皮卡丘 ex': 10 results
2026-06-26 20:32:59,580 [INFO] Updated catalog #8 with full TCG info
2026-06-26 20:32:59,586 [INFO] Price fetched for catalog #8 (皮卡丘 ex): 2 records
2026-06-26 20:33:08,276 [INFO] TCG search for '超梦 ex UR': 9 results
2026-06-26 20:33:08,281 [INFO] Updated catalog #9 with full TCG info
2026-06-26 20:33:08,288 [INFO] Price fetched for catalog #9 (超梦 ex UR): 2 records
2026-06-26 20:33:14,107 [INFO] TCG search for '喷火龙 SR': 10 results
2026-06-26 20:33:14,111 [INFO] Updated catalog #4 with full TCG info
2026-06-26 20:33:14,118 [INFO] Price fetched for catalog #4 (喷火龙 SR): 2 records
2026-06-26 20:33:20,230 [INFO] TCG search for '伊布 R': 10 results
2026-06-26 20:33:20,235 [INFO] Updated catalog #6 with full TCG info
2026-06-26 20:33:20,241 [INFO] Price fetched for catalog #6 (伊布 R): 2 records
2026-06-26 20:33:24,019 [INFO] TCG search for '洛奇亚 UR': 3 results
2026-06-26 20:33:24,023 [INFO] Updated catalog #3 with full TCG info
2026-06-26 20:33:24,030 [INFO] Price fetched for catalog #3 (洛奇亚 UR): 2 records
2026-06-26 20:33:28,012 [INFO] TCG search for '火精灵 SAR': 3 results
2026-06-26 20:33:28,017 [INFO] Updated catalog #11 with full TCG info
2026-06-26 20:33:28,023 [INFO] Price fetched for catalog #11 (火精灵 SAR): 2 records
2026-06-26 20:33:34,807 [INFO] TCG search for '甲贺忍蛙 RR': 10 results
2026-06-26 20:33:34,811 [INFO] Updated catalog #7 with full TCG info
2026-06-26 20:33:34,817 [INFO] Price fetched for catalog #7 (甲贺忍蛙 RR): 2 records
2026-06-26 20:33:40,911 [INFO] TCG search for '耿鬼 SAR': 7 results
2026-06-26 20:33:40,916 [INFO] Updated catalog #2 with full TCG info
2026-06-26 20:33:40,922 [INFO] Price fetched for catalog #2 (耿鬼 SAR): 2 records
2026-06-26 20:33:47,057 [INFO] TCG search for '皮卡丘 VMAX': 8 results
2026-06-26 20:33:47,061 [INFO] Updated catalog #1 with full TCG info
2026-06-26 20:33:47,066 [INFO] Price fetched for catalog #1 (皮卡丘 VMAX): 2 records
2026-06-26 20:33:54,123 [INFO] TCG search for '耿鬼': 10 results
2026-06-26 20:33:54,128 [INFO] Updated catalog #13 with full TCG info
2026-06-26 20:33:54,133 [INFO] Price fetched for catalog #13 (耿鬼): 2 records
2026-06-26 20:33:54,133 [INFO] 抓取完成: 成功 13/13
2026-06-26 20:33:54,134 [INFO] 
[2/4] 更新用户卡牌市场价格...
2026-06-26 20:33:54,135 [INFO] 开始更新 11 张用户卡牌的市场价格...
2026-06-26 20:33:54,169 [INFO] 市场价格更新完成! 成功: 11, 失败: 0
2026-06-26 20:33:54,169 [INFO] 
[3/4] 生成每日快照...
2026-06-26 20:33:54,178 [INFO] 快照生成成功
2026-06-26 20:33:54,178 [INFO] 
============================================================
2026-06-26 20:33:54,178 [INFO] 每日抓取任务完成!
2026-06-26 20:33:54,178 [INFO]   抓取: 13/13 张卡牌
2026-06-26 20:33:54,178 [INFO]   更新: 11 张卡牌市场价格
2026-06-26 20:33:54,178 [INFO] ============================================================

2026-06-26 20:34:08,885 [INFO] ============================================================
2026-06-26 20:34:08,885 [INFO] 开始每日数据抓取任务 - 2026-06-26 20:34:08
2026-06-26 20:34:08,885 [INFO] ============================================================
2026-06-26 20:34:08,885 [INFO] 
[1/4] 抓取卡牌数据和价格...
2026-06-26 20:34:13,697 [INFO] TCG search for '卡比兽 CSR': 1 results
2026-06-26 20:34:13,701 [INFO] Updated catalog #12 with full TCG info
2026-06-26 20:34:13,706 [INFO] Price fetched for catalog #12 (卡比兽 CSR): 2 records
2026-06-26 20:34:18,390 [INFO] TCG search for '莉莉艾 CSR': 3 results
2026-06-26 20:34:18,395 [INFO] Updated catalog #5 with full TCG info
2026-06-26 20:34:18,401 [INFO] Price fetched for catalog #5 (莉莉艾 CSR): 2 records
2026-06-26 20:34:26,480 [INFO] TCG search for '妙蛙花 ex RR': 1 results
2026-06-26 20:34:26,484 [INFO] Updated catalog #10 with full TCG info
2026-06-26 20:34:26,491 [INFO] Price fetched for catalog #10 (妙蛙花 ex RR): 2 records
2026-06-26 20:34:33,206 [INFO] TCG search for '皮卡丘 ex': 1 results
2026-06-26 20:34:33,210 [INFO] Updated catalog #8 with full TCG info
2026-06-26 20:34:33,215 [INFO] Price fetched for catalog #8 (皮卡丘 ex): 2 records
2026-06-26 20:34:40,344 [INFO] TCG search for '超梦 ex UR': 1 results
2026-06-26 20:34:40,348 [INFO] Updated catalog #9 with full TCG info
2026-06-26 20:34:40,355 [INFO] Price fetched for catalog #9 (超梦 ex UR): 2 records
2026-06-26 20:34:47,087 [INFO] TCG search for '喷火龙 SR': 1 results
2026-06-26 20:34:47,092 [INFO] Updated catalog #4 with full TCG info
2026-06-26 20:34:47,099 [INFO] Price fetched for catalog #4 (喷火龙 SR): 2 records
2026-06-26 20:34:52,487 [INFO] TCG search for '伊布 R': 1 results
2026-06-26 20:34:52,494 [INFO] Updated catalog #6 with full TCG info
2026-06-26 20:34:52,500 [INFO] Price fetched for catalog #6 (伊布 R): 2 records
2026-06-26 20:34:58,783 [INFO] TCG search for '洛奇亚 UR': 3 results
2026-06-26 20:34:58,787 [INFO] Updated catalog #3 with full TCG info
2026-06-26 20:34:58,795 [INFO] Price fetched for catalog #3 (洛奇亚 UR): 2 records
2026-06-26 20:35:05,284 [INFO] TCG search for '火精灵 SAR': 1 results
2026-06-26 20:35:05,289 [INFO] Updated catalog #11 with full TCG info
2026-06-26 20:35:05,296 [INFO] Price fetched for catalog #11 (火精灵 SAR): 2 records
2026-06-26 20:35:23,196 [ERROR] TCG API request failed: HTTPSConnectionPool(host='api.pokemontcg.io', port=443): Read timed out. (read timeout=15)
2026-06-26 20:35:23,197 [WARNING] TCG search for '甲贺忍蛙 RR': no results
2026-06-26 20:35:27,281 [INFO] TCG search for '耿鬼 SAR': 1 results
2026-06-26 20:35:27,285 [INFO] Updated catalog #2 with full TCG info
2026-06-26 20:35:27,292 [INFO] Price fetched for catalog #2 (耿鬼 SAR): 2 records
2026-06-26 20:35:35,428 [INFO] TCG search for '皮卡丘 VMAX': 2 results
2026-06-26 20:35:35,434 [INFO] Updated catalog #1 with full TCG info
2026-06-26 20:35:35,440 [INFO] Price fetched for catalog #1 (皮卡丘 VMAX): 2 records
2026-06-26 20:35:40,511 [INFO] TCG search for '耿鬼': 1 results
2026-06-26 20:35:40,516 [INFO] Updated catalog #13 with full TCG info
2026-06-26 20:35:40,522 [INFO] Price fetched for catalog #13 (耿鬼): 2 records
2026-06-26 20:35:40,522 [INFO] 抓取完成: 成功 12/13
2026-06-26 20:35:40,522 [INFO] 
[2/4] 更新用户卡牌市场价格...
2026-06-26 20:35:40,524 [INFO] 开始更新 11 张用户卡牌的市场价格...
2026-06-26 20:35:40,565 [INFO] 市场价格更新完成! 成功: 11, 失败: 0
2026-06-26 20:35:40,565 [INFO] 
[3/4] 生成每日快照...
2026-06-26 20:35:40,575 [INFO] 快照生成成功
2026-06-26 20:35:40,575 [INFO] 
============================================================
2026-06-26 20:35:40,575 [INFO] 每日抓取任务完成!
2026-06-26 20:35:40,576 [INFO]   抓取: 12/13 张卡牌
2026-06-26 20:35:40,576 [INFO]   更新: 11 张卡牌市场价格
2026-06-26 20:35:40,576 [INFO] ============================================================

